{
  "RSpec": {
    "coverage": {
      "/Users/alankrumholz/turing/1mod/battleship/spec/computer_spec.rb": {
        "lines": [
          1,
          1,
          1,
          1,
          1,
          1,
          null,
          1,
          1,
          4,
          1,
          null,
          1,
          1,
          null,
          null,
          1,
          1,
          1,
          null,
          null,
          1,
          1,
          1,
          null,
          6,
          null,
          null
        ]
      }
    },
    "timestamp": 1658258457
  }
}
