{
  "RSpec": {
    "coverage": {
      "/Users/alankrumholz/turing/1mod/battleship/spec/board_spec.rb": {
        "lines": [
          1,
          1,
          1,
          null,
          1,
          9,
          4,
          6,
          null,
          1,
          8,
          null,
          null,
          1,
          1,
          null,
          null,
          1,
          1,
          1,
          null,
          null,
          1,
          1,
          1,
          1,
          1,
          1,
          1,
          1,
          1,
          null,
          null,
          1,
          1,
          1,
          1,
          1,
          null,
          null,
          1,
          1,
          1,
          1,
          1,
          1,
          null,
          null,
          1,
          1,
          null,
          1,
          1,
          1,
          null,
          1,
          1,
          1,
          1,
          null,
          null,
          1,
          1,
          null,
          1,
          null,
          null,
          1,
          1,
          null,
          1,
          1,
          null,
          null
        ]
      },
      "/Users/alankrumholz/turing/1mod/battleship/spec/cell_spec.rb": {
        "lines": [
          1,
          1,
          1,
          null,
          1,
          10,
          4,
          7,
          null,
          1,
          1,
          null,
          null,
          1,
          1,
          null,
          null,
          1,
          1,
          null,
          null,
          1,
          1,
          null,
          null,
          1,
          1,
          null,
          1,
          1,
          1,
          null,
          null,
          1,
          1,
          null,
          1,
          null,
          null,
          1,
          1,
          1,
          null,
          1,
          1,
          null,
          null,
          1,
          1,
          null,
          null,
          1,
          1,
          null,
          1,
          null,
          null,
          1,
          1,
          null,
          1,
          null,
          null,
          1,
          1,
          null,
          1,
          null,
          null,
          1,
          1,
          1,
          null,
          1,
          1,
          null,
          1,
          1,
          1,
          1,
          null,
          null
        ]
      },
      "/Users/alankrumholz/turing/1mod/battleship/spec/computer_spec.rb": {
        "lines": [
          1,
          1,
          1,
          1,
          1,
          1,
          null,
          1,
          1,
          4,
          1,
          null,
          1,
          1,
          null,
          null,
          1,
          1,
          1,
          null,
          null,
          1,
          1,
          1,
          null,
          4,
          null,
          null
        ]
      },
      "/Users/alankrumholz/turing/1mod/battleship/spec/game_spec.rb": {
        "lines": [
          1,
          1,
          1,
          1,
          1,
          null,
          1,
          3,
          2,
          1,
          null,
          1,
          1,
          null,
          null,
          1,
          1,
          1,
          1,
          null,
          1,
          null,
          null
        ]
      },
      "/Users/alankrumholz/turing/1mod/battleship/spec/player_spec.rb": {
        "lines": [
          null,
          1,
          1,
          1,
          1,
          1,
          1,
          null,
          1,
          1,
          null,
          null,
          null,
          1,
          null,
          1,
          null,
          null,
          null,
          null
        ]
      },
      "/Users/alankrumholz/turing/1mod/battleship/spec/ship_spec.rb": {
        "lines": [
          1,
          null,
          1,
          8,
          null,
          1,
          1,
          null,
          null,
          1,
          1,
          1,
          null,
          null,
          1,
          1,
          null,
          null,
          1,
          1,
          null,
          null,
          1,
          1,
          null,
          1,
          1,
          null,
          null,
          1,
          1,
          1,
          null,
          1,
          1,
          null,
          null,
          1,
          1,
          1,
          1,
          null,
          1,
          1,
          null,
          null
        ]
      }
    },
    "timestamp": 1658258744
  }
}
